<?xml version="1.0" encoding="UTF-8" ?>
<testsuites name="vitest tests" tests="3" failures="0" errors="0" time="472.701">
    <testsuite name="__tests__/integration/selenium/selenium.test.js" timestamp="2024-05-26T21:35:21.007Z" hostname="Sumsam" tests="3" failures="0" errors="0" skipped="0" time="7.238">
        <testcase classname="__tests__/integration/selenium/selenium.test.js" name="loads signup page" time="2.822">
        </testcase>
        <testcase classname="__tests__/integration/selenium/selenium.test.js" name="signup with valid credentials" time="1.459">
        </testcase>
        <testcase classname="__tests__/integration/selenium/selenium.test.js" name="login with valid credentials" time="0.595">
        </testcase>
    </testsuite>
</testsuites>
