<?xml version="1.0" encoding="UTF-8" ?>
<testsuites name="vitest tests" tests="3" failures="0" errors="0" time="11.732">
    <testsuite name="__tests__/integration/selenium/selenium.test.js" timestamp="2024-05-26T07:13:59.945Z" hostname="Sumsam" tests="3" failures="0" errors="0" skipped="0" time="10.37">
        <testcase classname="__tests__/integration/selenium/selenium.test.js" name="loads signup page" time="3.034">
        </testcase>
        <testcase classname="__tests__/integration/selenium/selenium.test.js" name="signup with valid credentials" time="1.232">
        </testcase>
        <testcase classname="__tests__/integration/selenium/selenium.test.js" name="login with valid credentials" time="0.559">
        </testcase>
    </testsuite>
</testsuites>
