<?xml version="1.0" encoding="UTF-8" ?>
<testsuites name="vitest tests" tests="3" failures="0" errors="0" time="29569.296">
    <testsuite name="__tests__/integration/selenium/selenium.test.js" timestamp="2024-05-26T20:40:07.847Z" hostname="Sumsam" tests="3" failures="0" errors="0" skipped="0" time="7.656">
        <testcase classname="__tests__/integration/selenium/selenium.test.js" name="loads signup page" time="3.751">
        </testcase>
        <testcase classname="__tests__/integration/selenium/selenium.test.js" name="signup with valid credentials" time="1.158">
        </testcase>
        <testcase classname="__tests__/integration/selenium/selenium.test.js" name="login with valid credentials" time="0.565">
        </testcase>
    </testsuite>
</testsuites>
