<?xml version="1.0" encoding="UTF-8" ?>
<testsuites name="vitest tests" tests="3" failures="0" errors="0" time="9433.038">
    <testsuite name="__tests__/integration/selenium/selenium.test.js" timestamp="2024-05-26T09:51:01.242Z" hostname="Sumsam" tests="3" failures="0" errors="0" skipped="0" time="9.365">
        <testcase classname="__tests__/integration/selenium/selenium.test.js" name="loads signup page" time="2.841">
        </testcase>
        <testcase classname="__tests__/integration/selenium/selenium.test.js" name="signup with valid credentials" time="1.123">
        </testcase>
        <testcase classname="__tests__/integration/selenium/selenium.test.js" name="login with valid credentials" time="0.514">
        </testcase>
    </testsuite>
</testsuites>
