<?xml version="1.0" encoding="UTF-8" ?>
<testsuites name="vitest tests" tests="3" failures="0" errors="0" time="8.58">
    <testsuite name="__tests__/integration/selenium/selenium.test.js" timestamp="2024-05-28T20:54:11.293Z" hostname="Sumsam" tests="3" failures="0" errors="0" skipped="0" time="7.734">
        <testcase classname="__tests__/integration/selenium/selenium.test.js" name="loads signup page" time="2.894">
        </testcase>
        <testcase classname="__tests__/integration/selenium/selenium.test.js" name="signup with valid credentials" time="0.695">
        </testcase>
        <testcase classname="__tests__/integration/selenium/selenium.test.js" name="login with valid credentials" time="0.502">
        </testcase>
    </testsuite>
</testsuites>
