<?xml version="1.0" encoding="UTF-8" ?>
<testsuites name="vitest tests" tests="3" failures="0" errors="0" time="8.682">
    <testsuite name="__tests__/integration/selenium/selenium.test.js" timestamp="2024-05-29T10:14:10.918Z" hostname="Sumsam" tests="3" failures="0" errors="0" skipped="0" time="7.501">
        <testcase classname="__tests__/integration/selenium/selenium.test.js" name="loads signup page" time="3.179">
        </testcase>
        <testcase classname="__tests__/integration/selenium/selenium.test.js" name="signup with valid credentials" time="1.17">
        </testcase>
        <testcase classname="__tests__/integration/selenium/selenium.test.js" name="login with valid credentials" time="0.51">
        </testcase>
    </testsuite>
</testsuites>
