<?xml version="1.0" encoding="UTF-8" ?>
<testsuites name="vitest tests" tests="3" failures="0" errors="0" time="1316.449">
    <testsuite name="__tests__/integration/selenium/selenium.test.js" timestamp="2024-05-28T21:15:59.163Z" hostname="Sumsam" tests="3" failures="0" errors="0" skipped="0" time="5.877">
        <testcase classname="__tests__/integration/selenium/selenium.test.js" name="loads signup page" time="2.8">
        </testcase>
        <testcase classname="__tests__/integration/selenium/selenium.test.js" name="signup with valid credentials" time="0.633">
        </testcase>
        <testcase classname="__tests__/integration/selenium/selenium.test.js" name="login with valid credentials" time="0.489">
        </testcase>
    </testsuite>
</testsuites>
